# JRE version: Java(TM) SE Runtime Environment (9.0+11) (build 9.0.4+11)
# Java VM: Java HotSpot(TM) 64-Bit Server VM (9.0.4+11, mixed mode, tiered, compressed oops, g1 gc, windows-amd64)
Heap:
 garbage-first heap   total 189440K, used 131627K [0x0000000700000000, 0x00000007001005c8, 0x00000007c0000000)
  region size 1024K, 43 young (44032K), 3 survivors (3072K)
 Metaspace       used 78091K, capacity 83909K, committed 84124K, reserved 1120256K
  class space    used 11608K, capacity 12636K, committed 12700K, reserved 1048576K
GC Heap History (10 events):
Event: 47.452 GC heap before
{Heap before GC invocations=27 (full 1):
 garbage-first heap   total 189440K, used 143663K [0x0000000700000000, 0x00000007001005c8, 0x00000007c0000000)
  region size 1024K, 60 young (61440K), 7 survivors (7168K)
 Metaspace       used 75555K, capacity 80641K, committed 80796K, reserved 1118208K
  class space    used 11195K, capacity 12098K, committed 12188K, reserved 1048576K
}
Event: 47.468 GC heap after
{Heap after GC invocations=28 (full 1):
 garbage-first heap   total 189440K, used 89974K [0x0000000700000000, 0x00000007001005c8, 0x00000007c0000000)
  region size 1024K, 2 young (2048K), 2 survivors (2048K)
 Metaspace       used 75555K, capacity 80641K, committed 80796K, reserved 1118208K
  class space    used 11195K, capacity 12098K, committed 12188K, reserved 1048576K
}
Event: 50.905 GC heap before
{Heap before GC invocations=28 (full 1):
 garbage-first heap   total 189440K, used 149366K [0x0000000700000000, 0x00000007001005c8, 0x00000007c0000000)
  region size 1024K, 60 young (61440K), 2 survivors (2048K)
 Metaspace       used 77422K, capacity 82831K, committed 82972K, reserved 1120256K
  class space    used 11519K, capacity 12491K, committed 12572K, reserved 1048576K
}
Event: 50.918 GC heap after
{Heap after GC invocations=29 (full 1):
 garbage-first heap   total 189440K, used 92123K [0x0000000700000000, 0x00000007001005c8, 0x00000007c0000000)
  region size 1024K, 4 young (4096K), 4 survivors (4096K)
 Metaspace       used 77422K, capacity 82831K, committed 82972K, reserved 1120256K
  class space    used 11519K, capacity 12491K, committed 12572K, reserved 1048576K
}
Event: 53.814 GC heap before
{Heap before GC invocations=30 (full 1):
 garbage-first heap   total 189440K, used 149467K [0x0000000700000000, 0x00000007001005c8, 0x00000007c0000000)
  region size 1024K, 60 young (61440K), 4 survivors (4096K)
 Metaspace       used 77836K, capacity 83581K, committed 83868K, reserved 1120256K
  class space    used 11590K, capacity 12604K, committed 12700K, reserved 1048576K
}
Event: 53.822 GC heap after
{Heap after GC invocations=31 (full 1):
 garbage-first heap   total 189440K, used 91732K [0x0000000700000000, 0x00000007001005c8, 0x00000007c0000000)
  region size 1024K, 3 young (3072K), 3 survivors (3072K)
 Metaspace       used 77836K, capacity 83581K, committed 83868K, reserved 1120256K
  class space    used 11590K, capacity 12604K, committed 12700K, reserved 1048576K
}
Event: 104.365 GC heap before
{Heap before GC invocations=31 (full 1):
 garbage-first heap   total 189440K, used 150100K [0x0000000700000000, 0x00000007001005c8, 0x00000007c0000000)
  region size 1024K, 60 young (61440K), 3 survivors (3072K)
 Metaspace       used 77927K, capacity 83645K, committed 83868K, reserved 1120256K
  class space    used 11590K, capacity 12604K, committed 12700K, reserved 1048576K
}
Event: 104.373 GC heap after
{Heap after GC invocations=32 (full 1):
 garbage-first heap   total 189440K, used 91534K [0x0000000700000000, 0x00000007001005c8, 0x00000007c0000000)
  region size 1024K, 3 young (3072K), 3 survivors (3072K)
 Metaspace       used 77927K, capacity 83645K, committed 83868K, reserved 1120256K
  class space    used 11590K, capacity 12604K, committed 12700K, reserved 1048576K
}
Event: 200.842 GC heap before
{Heap before GC invocations=33 (full 1):
 garbage-first heap   total 189440K, used 149902K [0x0000000700000000, 0x00000007001005c8, 0x00000007c0000000)
  region size 1024K, 60 young (61440K), 3 survivors (3072K)
 Metaspace       used 77957K, capacity 83709K, committed 83868K, reserved 1120256K
  class space    used 11591K, capacity 12604K, committed 12700K, reserved 1048576K
}
Event: 200.848 GC heap after
{Heap after GC invocations=34 (full 1):
 garbage-first heap   total 189440K, used 91691K [0x0000000700000000, 0x00000007001005c8, 0x00000007c0000000)
  region size 1024K, 3 young (3072K), 3 survivors (3072K)
 Metaspace       used 77957K, capacity 83709K, committed 83868K, reserved 1120256K
  class space    used 11591K, capacity 12604K, committed 12700K, reserved 1048576K
}

