# JRE version: Java(TM) SE Runtime Environment (9.0+11) (build 9.0.4+11)
# Java VM: Java HotSpot(TM) 64-Bit Server VM (9.0.4+11, mixed mode, tiered, compressed oops, g1 gc, windows-amd64)
Heap:
 garbage-first heap   total 157696K, used 90650K [0x0000000700000000, 0x00000007001004d0, 0x00000007c0000000)
  region size 1024K, 24 young (24576K), 5 survivors (5120K)
 Metaspace       used 67090K, capacity 70501K, committed 70860K, reserved 1110016K
  class space    used 9442K, capacity 10076K, committed 10188K, reserved 1048576K
GC Heap History (10 events):
Event: 32.952 GC heap before
{Heap before GC invocations=13 (full 0):
 garbage-first heap   total 157696K, used 127942K [0x0000000700000000, 0x00000007001004d0, 0x00000007c0000000)
  region size 1024K, 60 young (61440K), 6 survivors (6144K)
 Metaspace       used 52585K, capacity 54785K, committed 54988K, reserved 1097728K
  class space    used 6867K, capacity 7282K, committed 7372K, reserved 1048576K
}
Event: 32.978 GC heap after
{Heap after GC invocations=14 (full 0):
 garbage-first heap   total 157696K, used 72174K [0x0000000700000000, 0x00000007001004d0, 0x00000007c0000000)
  region size 1024K, 8 young (8192K), 8 survivors (8192K)
 Metaspace       used 52585K, capacity 54785K, committed 54988K, reserved 1097728K
  class space    used 6867K, capacity 7282K, committed 7372K, reserved 1048576K
}
Event: 39.553 GC heap before
{Heap before GC invocations=14 (full 0):
 garbage-first heap   total 157696K, used 124398K [0x0000000700000000, 0x00000007001004d0, 0x00000007c0000000)
  region size 1024K, 57 young (58368K), 8 survivors (8192K)
 Metaspace       used 54743K, capacity 57717K, committed 57804K, reserved 1099776K
  class space    used 7255K, capacity 7806K, committed 7884K, reserved 1048576K
}
Event: 39.819 GC heap after
{Heap after GC invocations=15 (full 1):
 garbage-first heap   total 157696K, used 61632K [0x0000000700000000, 0x00000007001004d0, 0x00000007c0000000)
  region size 1024K, 0 young (0K), 0 survivors (0K)
 Metaspace       used 54743K, capacity 57717K, committed 57804K, reserved 1099776K
  class space    used 7255K, capacity 7806K, committed 7884K, reserved 1048576K
}
Event: 59.119 GC heap before
{Heap before GC invocations=15 (full 1):
 garbage-first heap   total 157696K, used 123072K [0x0000000700000000, 0x00000007001004d0, 0x00000007c0000000)
  region size 1024K, 60 young (61440K), 0 survivors (0K)
 Metaspace       used 61170K, capacity 64465K, committed 64844K, reserved 1105920K
  class space    used 8316K, capacity 8952K, committed 9036K, reserved 1048576K
}
Event: 59.129 GC heap after
{Heap after GC invocations=16 (full 1):
 garbage-first heap   total 157696K, used 67122K [0x0000000700000000, 0x00000007001004d0, 0x00000007c0000000)
  region size 1024K, 6 young (6144K), 6 survivors (6144K)
 Metaspace       used 61170K, capacity 64465K, committed 64844K, reserved 1105920K
  class space    used 8316K, capacity 8952K, committed 9036K, reserved 1048576K
}
Event: 77.994 GC heap before
{Heap before GC invocations=16 (full 1):
 garbage-first heap   total 157696K, used 122418K [0x0000000700000000, 0x00000007001004d0, 0x00000007c0000000)
  region size 1024K, 60 young (61440K), 6 survivors (6144K)
 Metaspace       used 64224K, capacity 67537K, committed 67916K, reserved 1107968K
  class space    used 8881K, capacity 9486K, committed 9548K, reserved 1048576K
}
Event: 78.009 GC heap after
{Heap after GC invocations=17 (full 1):
 garbage-first heap   total 157696K, used 69670K [0x0000000700000000, 0x00000007001004d0, 0x00000007c0000000)
  region size 1024K, 7 young (7168K), 7 survivors (7168K)
 Metaspace       used 64224K, capacity 67537K, committed 67916K, reserved 1107968K
  class space    used 8881K, capacity 9486K, committed 9548K, reserved 1048576K
}
Event: 87.533 GC heap before
{Heap before GC invocations=17 (full 1):
 garbage-first heap   total 157696K, used 123942K [0x0000000700000000, 0x00000007001004d0, 0x00000007c0000000)
  region size 1024K, 60 young (61440K), 7 survivors (7168K)
 Metaspace       used 66603K, capacity 69989K, committed 70220K, reserved 1110016K
  class space    used 9340K, capacity 9948K, committed 10060K, reserved 1048576K
}
Event: 87.551 GC heap after
{Heap after GC invocations=18 (full 1):
 garbage-first heap   total 157696K, used 72218K [0x0000000700000000, 0x00000007001004d0, 0x00000007c0000000)
  region size 1024K, 5 young (5120K), 5 survivors (5120K)
 Metaspace       used 66603K, capacity 69989K, committed 70220K, reserved 1110016K
  class space    used 9340K, capacity 9948K, committed 10060K, reserved 1048576K
}

