# JRE version: Java(TM) SE Runtime Environment (9.0+11) (build 9.0.4+11)
# Java VM: Java HotSpot(TM) 64-Bit Server VM (9.0.4+11, mixed mode, tiered, compressed oops, g1 gc, windows-amd64)
Heap:
 garbage-first heap   total 131072K, used 84209K [0x0000000700000000, 0x0000000700100400, 0x00000007c0000000)
  region size 1024K, 19 young (19456K), 3 survivors (3072K)
 Metaspace       used 53450K, capacity 56133K, committed 56316K, reserved 1097728K
  class space    used 7070K, capacity 7598K, committed 7676K, reserved 1048576K
GC Heap History (10 events):
Event: 27.473 GC heap before
{Heap before GC invocations=9 (full 0):
 garbage-first heap   total 131072K, used 88984K [0x0000000700000000, 0x0000000700100400, 0x00000007c0000000)
  region size 1024K, 60 young (61440K), 4 survivors (4096K)
 Metaspace       used 40284K, capacity 42212K, committed 42492K, reserved 1087488K
  class space    used 4888K, capacity 5259K, committed 5372K, reserved 1048576K
}
Event: 27.503 GC heap after
{Heap after GC invocations=10 (full 0):
 garbage-first heap   total 131072K, used 40607K [0x0000000700000000, 0x0000000700100400, 0x00000007c0000000)
  region size 1024K, 8 young (8192K), 8 survivors (8192K)
 Metaspace       used 40284K, capacity 42212K, committed 42492K, reserved 1087488K
  class space    used 4888K, capacity 5259K, committed 5372K, reserved 1048576K
}
Event: 33.539 GC heap before
{Heap before GC invocations=10 (full 0):
 garbage-first heap   total 131072K, used 93855K [0x0000000700000000, 0x0000000700100400, 0x00000007c0000000)
  region size 1024K, 60 young (61440K), 8 survivors (8192K)
 Metaspace       used 45218K, capacity 47315K, committed 47612K, reserved 1091584K
  class space    used 5672K, capacity 6083K, committed 6140K, reserved 1048576K
}
Event: 33.572 GC heap after
{Heap after GC invocations=11 (full 0):
 garbage-first heap   total 131072K, used 48585K [0x0000000700000000, 0x0000000700100400, 0x00000007c0000000)
  region size 1024K, 8 young (8192K), 8 survivors (8192K)
 Metaspace       used 45218K, capacity 47315K, committed 47612K, reserved 1091584K
  class space    used 5672K, capacity 6083K, committed 6140K, reserved 1048576K
}
Event: 43.166 GC heap before
{Heap before GC invocations=11 (full 0):
 garbage-first heap   total 131072K, used 101833K [0x0000000700000000, 0x0000000700100400, 0x00000007c0000000)
  region size 1024K, 60 young (61440K), 8 survivors (8192K)
 Metaspace       used 46269K, capacity 48347K, committed 48508K, reserved 1091584K
  class space    used 5809K, capacity 6214K, committed 6268K, reserved 1048576K
}
Event: 43.182 GC heap after
{Heap after GC invocations=12 (full 0):
 garbage-first heap   total 131072K, used 49809K [0x0000000700000000, 0x0000000700100400, 0x00000007c0000000)
  region size 1024K, 5 young (5120K), 5 survivors (5120K)
 Metaspace       used 46269K, capacity 48347K, committed 48508K, reserved 1091584K
  class space    used 5809K, capacity 6214K, committed 6268K, reserved 1048576K
}
Event: 45.255 GC heap before
{Heap before GC invocations=12 (full 0):
 garbage-first heap   total 131072K, used 110225K [0x0000000700000000, 0x0000000700100400, 0x00000007c0000000)
  region size 1024K, 60 young (61440K), 5 survivors (5120K)
 Metaspace       used 52263K, capacity 54471K, committed 54652K, reserved 1097728K
  class space    used 6836K, capacity 7243K, committed 7292K, reserved 1048576K
}
Event: 45.283 GC heap after
{Heap after GC invocations=13 (full 0):
 garbage-first heap   total 131072K, used 59618K [0x0000000700000000, 0x0000000700100400, 0x00000007c0000000)
  region size 1024K, 8 young (8192K), 8 survivors (8192K)
 Metaspace       used 52263K, capacity 54471K, committed 54652K, reserved 1097728K
  class space    used 6836K, capacity 7243K, committed 7292K, reserved 1048576K
}
Event: 51.408 GC heap before
{Heap before GC invocations=13 (full 0):
 garbage-first heap   total 131072K, used 73954K [0x0000000700000000, 0x0000000700100400, 0x00000007c0000000)
  region size 1024K, 19 young (19456K), 8 survivors (8192K)
 Metaspace       used 52974K, capacity 55585K, committed 55676K, reserved 1097728K
  class space    used 7020K, capacity 7502K, committed 7548K, reserved 1048576K
}
Event: 51.424 GC heap after
{Heap after GC invocations=14 (full 0):
 garbage-first heap   total 131072K, used 59633K [0x0000000700000000, 0x0000000700100400, 0x00000007c0000000)
  region size 1024K, 3 young (3072K), 3 survivors (3072K)
 Metaspace       used 52974K, capacity 55585K, committed 55676K, reserved 1097728K
  class space    used 7020K, capacity 7502K, committed 7548K, reserved 1048576K
}

