# JRE version: Java(TM) SE Runtime Environment (9.0+11) (build 9.0.4+11)
# Java VM: Java HotSpot(TM) 64-Bit Server VM (9.0.4+11, mixed mode, tiered, compressed oops, g1 gc, windows-amd64)
Heap:
 garbage-first heap   total 146432K, used 123283K [0x0000000700000000, 0x0000000700100478, 0x00000007c0000000)
  region size 1024K, 48 young (49152K), 8 survivors (8192K)
 Metaspace       used 71340K, capacity 75629K, committed 75852K, reserved 1114112K
  class space    used 10515K, capacity 11266K, committed 11340K, reserved 1048576K
GC Heap History (10 events):
Event: 63.867 GC heap before
{Heap before GC invocations=17 (full 1):
 garbage-first heap   total 140288K, used 120211K [0x0000000700000000, 0x0000000700100448, 0x00000007c0000000)
  region size 1024K, 60 young (61440K), 0 survivors (0K)
 Metaspace       used 59583K, capacity 62965K, committed 63308K, reserved 1103872K
  class space    used 8333K, capacity 8966K, committed 9036K, reserved 1048576K
}
Event: 63.879 GC heap after
{Heap after GC invocations=18 (full 1):
 garbage-first heap   total 140288K, used 64878K [0x0000000700000000, 0x0000000700100448, 0x00000007c0000000)
  region size 1024K, 6 young (6144K), 6 survivors (6144K)
 Metaspace       used 59583K, capacity 62965K, committed 63308K, reserved 1103872K
  class space    used 8333K, capacity 8966K, committed 9036K, reserved 1048576K
}
Event: 67.977 GC heap before
{Heap before GC invocations=18 (full 1):
 garbage-first heap   total 140288K, used 120174K [0x0000000700000000, 0x0000000700100448, 0x00000007c0000000)
  region size 1024K, 60 young (61440K), 6 survivors (6144K)
 Metaspace       used 61128K, capacity 64959K, committed 65228K, reserved 1105920K
  class space    used 8649K, capacity 9341K, committed 9420K, reserved 1048576K
}
Event: 68.000 GC heap after
{Heap after GC invocations=19 (full 1):
 garbage-first heap   total 140288K, used 71300K [0x0000000700000000, 0x0000000700100448, 0x00000007c0000000)
  region size 1024K, 8 young (8192K), 8 survivors (8192K)
 Metaspace       used 61128K, capacity 64959K, committed 65228K, reserved 1105920K
  class space    used 8649K, capacity 9341K, committed 9420K, reserved 1048576K
}
Event: 85.073 GC heap before
{Heap before GC invocations=19 (full 1):
 garbage-first heap   total 140288K, used 124548K [0x0000000700000000, 0x0000000700100448, 0x00000007c0000000)
  region size 1024K, 60 young (61440K), 8 survivors (8192K)
 Metaspace       used 65974K, capacity 69817K, committed 70092K, reserved 1110016K
  class space    used 9438K, capacity 10146K, committed 10188K, reserved 1048576K
}
Event: 85.098 GC heap after
{Heap after GC invocations=20 (full 1):
 garbage-first heap   total 141312K, used 78197K [0x0000000700000000, 0x0000000700100450, 0x00000007c0000000)
  region size 1024K, 7 young (7168K), 7 survivors (7168K)
 Metaspace       used 65974K, capacity 69817K, committed 70092K, reserved 1110016K
  class space    used 9438K, capacity 10146K, committed 10188K, reserved 1048576K
}
Event: 88.246 GC heap before
{Heap before GC invocations=21 (full 1):
 garbage-first heap   total 141312K, used 131445K [0x0000000700000000, 0x0000000700100450, 0x00000007c0000000)
  region size 1024K, 60 young (61440K), 7 survivors (7168K)
 Metaspace       used 68127K, capacity 71989K, committed 72140K, reserved 1110016K
  class space    used 9877K, capacity 10576K, committed 10700K, reserved 1048576K
}
Event: 88.265 GC heap after
{Heap after GC invocations=22 (full 1):
 garbage-first heap   total 143360K, used 79191K [0x0000000700000000, 0x0000000700100460, 0x00000007c0000000)
  region size 1024K, 5 young (5120K), 5 survivors (5120K)
 Metaspace       used 68127K, capacity 71989K, committed 72140K, reserved 1110016K
  class space    used 9877K, capacity 10576K, committed 10700K, reserved 1048576K
}
Event: 97.161 GC heap before
{Heap before GC invocations=22 (full 1):
 garbage-first heap   total 143360K, used 135511K [0x0000000700000000, 0x0000000700100460, 0x00000007c0000000)
  region size 1024K, 60 young (61440K), 5 survivors (5120K)
 Metaspace       used 70801K, capacity 74741K, committed 74956K, reserved 1114112K
  class space    used 10437K, capacity 11136K, committed 11212K, reserved 1048576K
}
Event: 97.185 GC heap after
{Heap after GC invocations=23 (full 1):
 garbage-first heap   total 146432K, used 83347K [0x0000000700000000, 0x0000000700100478, 0x00000007c0000000)
  region size 1024K, 8 young (8192K), 8 survivors (8192K)
 Metaspace       used 70801K, capacity 74741K, committed 74956K, reserved 1114112K
  class space    used 10437K, capacity 11136K, committed 11212K, reserved 1048576K
}

